Change Component Designator: Old Designator=* New Designator=*?
Change Component Designator: Old Designator=* New Designator=*?
Change Component Designator: Old Designator=* New Designator=*?
Change Component Designator: Old Designator=* New Designator=*?
Change Component Designator: Old Designator=100M New Designator=?
Change Component Designator: Old Designator=C701 New Designator=C?
Change Component Designator: Old Designator=C702 New Designator=C?
Change Component Designator: Old Designator=C703 New Designator=C?
Change Component Designator: Old Designator=C704 New Designator=C?
Change Component Designator: Old Designator=C705 New Designator=C?
Change Component Designator: Old Designator=C706 New Designator=C?
Change Component Designator: Old Designator=C707 New Designator=C?
Change Component Designator: Old Designator=D701 New Designator=D?
Change Component Designator: Old Designator=D702 New Designator=D?
Change Component Designator: Old Designator=D704 New Designator=D?
Change Component Designator: Old Designator=D705 New Designator=D?
Change Component Designator: Old Designator=DA1 New Designator=DA?
Change Component Designator: Old Designator=IC701 New Designator=IC?
Change Component Designator: Old Designator=L701 New Designator=L?
Change Component Designator: Old Designator=Q701 New Designator=Q?
Change Component Designator: Old Designator=Q702 New Designator=Q?
Change Component Designator: Old Designator=Q703 New Designator=Q?
Change Component Designator: Old Designator=Q704 New Designator=Q?
Change Component Designator: Old Designator=R704 New Designator=R?
Change Component Designator: Old Designator=R711 New Designator=R?
Change Component Designator: Old Designator=R712 New Designator=R?
Change Component Designator: Old Designator=R713 New Designator=R?
Change Component Designator: Old Designator=R714 New Designator=R?
Change Component Designator: Old Designator=R725 New Designator=R?
Change Component Designator: Old Designator=R710 1.5K New Designator=R?
Change Component Designator: Old Designator=R720 1.5K New Designator=R?
Change Component Designator: Old Designator=R702 15K New Designator=R?
Change Component Designator: Old Designator=R703 10K New Designator=R?
Change Component Designator: Old Designator=R705 10K New Designator=R?
Change Component Designator: Old Designator=R716 82K New Designator=R?
Change Component Designator: Old Designator=R717 82K New Designator=R?
Change Component Designator: Old Designator=R721 82K New Designator=R?
Change Component Designator: Old Designator=R722 82K New Designator=R?
Change Component Designator: Old Designator=R718 160K New Designator=R?
Change Component Designator: Old Designator=R721 241K New Designator=R?
Change Component Designator: Old Designator=R723 100K New Designator=R?
Change Component Designator: Old Designator=T701 New Designator=T?
Change Component Designator: Old Designator=VR701 500 New Designator=VR?
Change Component Designator: Old Designator=ZD701 New Designator=ZD?
Change Component Designator: Old Designator=ZD702 New Designator=ZD?
Change Component Designator: Old Designator=ZD703 New Designator=ZD?
