Added Component: Designator=C1(capasitor)
Added Component: Designator=C2(capasitor)
Added Component: Designator=C3(capasitor)
Added Component: Designator=C4(capasitor)
Added Component: Designator=C5(capasitor)
Added Component: Designator=C6(capasitor)
Added Component: Designator=C7(capasitor)
Added Component: Designator=C8(capasitor)
Added Component: Designator=C9(capasitor)
Added Component: Designator=C10(capasitor)
Added Component: Designator=C11(capasitor)
Added Component: Designator=C12(capasitor)
Added Component: Designator=C13(capasitor)
Added Component: Designator=C14(capasitor)
Added Component: Designator=C15(capasitor)
Added Component: Designator=D1(D-38)
Add component (AddParameter): Name = "DatasheetVersion"; Value = "E2732B"; VariantName = "[No Variations]"
Add component (AddParameter): Name = "LatestRevisionDate"; Value = "29-May-2009"; VariantName = "[No Variations]"
Add component (AddParameter): Name = "LatestRevisionNote"; Value = "Sch pins A & K swapped."; VariantName = "[No Variations]"
Add component (AddParameter): Name = "PackageDescription"; Value = "Bridge Rectifier; 4 Terminals; Body 9.4 x 9.4 mm (typ); Pitch 5.08 mm"; VariantName = "[No Variations]"
Add component (AddParameter): Name = "PackageReference"; Value = "D-38"; VariantName = "[No Variations]"
Add component (AddParameter): Name = "Published"; Value = "8-Jun-2000"; VariantName = "[No Variations]"
Add component (AddParameter): Name = "Publisher"; Value = "Altium Limited"; VariantName = "[No Variations]"
Added Component: Designator=D2(D-38)
Add component (AddParameter): Name = "DatasheetVersion"; Value = "E2732B"; VariantName = "[No Variations]"
Add component (AddParameter): Name = "LatestRevisionDate"; Value = "29-May-2009"; VariantName = "[No Variations]"
Add component (AddParameter): Name = "LatestRevisionNote"; Value = "Sch pins A & K swapped."; VariantName = "[No Variations]"
Add component (AddParameter): Name = "PackageDescription"; Value = "Bridge Rectifier; 4 Terminals; Body 9.4 x 9.4 mm (typ); Pitch 5.08 mm"; VariantName = "[No Variations]"
Add component (AddParameter): Name = "PackageReference"; Value = "D-38"; VariantName = "[No Variations]"
Add component (AddParameter): Name = "Published"; Value = "8-Jun-2000"; VariantName = "[No Variations]"
Add component (AddParameter): Name = "Publisher"; Value = "Altium Limited"; VariantName = "[No Variations]"
Added Component: Designator=DD2(DIP16)
Added Component: Designator=K1(MODULE4)
Add component (AddParameter): Name = "LatestRevisionDate"; Value = "17-Jul-2002"; VariantName = "[No Variations]"
Add component (AddParameter): Name = "LatestRevisionNote"; Value = "Re-released for DXP Platform."; VariantName = "[No Variations]"
Add component (AddParameter): Name = "PackageReference"; Value = "MODULE4"; VariantName = "[No Variations]"
Add component (AddParameter): Name = "Published"; Value = "24-Mar-1999"; VariantName = "[No Variations]"
Add component (AddParameter): Name = "Publisher"; Value = "Altium Limited"; VariantName = "[No Variations]"
Added Component: Designator=K2(MODULE4)
Add component (AddParameter): Name = "LatestRevisionDate"; Value = "17-Jul-2002"; VariantName = "[No Variations]"
Add component (AddParameter): Name = "LatestRevisionNote"; Value = "Re-released for DXP Platform."; VariantName = "[No Variations]"
Add component (AddParameter): Name = "PackageReference"; Value = "MODULE4"; VariantName = "[No Variations]"
Add component (AddParameter): Name = "Published"; Value = "24-Mar-1999"; VariantName = "[No Variations]"
Add component (AddParameter): Name = "Publisher"; Value = "Altium Limited"; VariantName = "[No Variations]"
Added Component: Designator=L1(Inductor)
Added Component: Designator=R1(RESISTOR)
Added Component: Designator=R2(RESISTOR)
Added Component: Designator=R3(RESISTOR)
Added Component: Designator=R4(RESISTOR)
Added Component: Designator=R5(RESISTOR)
Added Component: Designator=R6(RESISTOR)
Added Component: Designator=R7(RESISTOR)
Added Component: Designator=R8(RESISTOR)
Added Component: Designator=R9(RESISTOR)
Added Component: Designator=R10(RESISTOR)
Added Component: Designator=R11(RESISTOR)
Added Component: Designator=R12(RESISTOR)
Added Component: Designator=R13(RESISTOR)
Added Component: Designator=R14(RESISTOR)
Added Component: Designator=R15(RESISTOR)
Added Component: Designator=R16(RESISTOR)
Added Component: Designator=R17(RESISTOR)
Added Component: Designator=R18(RESISTOR)
Added Component: Designator=R19(RESISTOR)
Added Component: Designator=R20(RESISTOR)
Added Component: Designator=R21(RESISTOR)
Added Component: Designator=R22(RESISTOR)
Added Component: Designator=R23(RESISTOR)
Added Component: Designator=R24(RESISTOR)
Added Component: Designator=R25(RESISTOR)
Added Component: Designator=R26(RESISTOR)
Added Component: Designator=R27(RESISTOR)
Added Component: Designator=R28(resistor changable)
Added Component: Designator=T1(TRANS)
Add component (AddParameter): Name = "LatestRevisionDate"; Value = "08-Jul-2005"; VariantName = "[No Variations]"
Add component (AddParameter): Name = "LatestRevisionNote"; Value = "Mech Layer 1 removed."; VariantName = "[No Variations]"
Add component (AddParameter): Name = "PackageDescription"; Value = "Transformer; 4 Leads"; VariantName = "[No Variations]"
Add component (AddParameter): Name = "PackageReference"; Value = "TRANS"; VariantName = "[No Variations]"
Add component (AddParameter): Name = "Published"; Value = "24-Mar-1999"; VariantName = "[No Variations]"
Add component (AddParameter): Name = "Publisher"; Value = "Altium Limited"; VariantName = "[No Variations]"
Added Component: Designator=T2(TRF_4)
Add component (AddParameter): Name = "LatestRevisionDate"; Value = "17-Jul-2002"; VariantName = "[No Variations]"
Add component (AddParameter): Name = "LatestRevisionNote"; Value = "Re-released for DXP Platform."; VariantName = "[No Variations]"
Add component (AddParameter): Name = "PackageDescription"; Value = "Transformer; 4 Leads"; VariantName = "[No Variations]"
Add component (AddParameter): Name = "PackageReference"; Value = "TRF_4"; VariantName = "[No Variations]"
Add component (AddParameter): Name = "Published"; Value = "8-Jun-2000"; VariantName = "[No Variations]"
Add component (AddParameter): Name = "Publisher"; Value = "Altium Limited"; VariantName = "[No Variations]"
Added Component: Designator=T4(TRANS)
Add component (AddParameter): Name = "LatestRevisionDate"; Value = "08-Jul-2005"; VariantName = "[No Variations]"
Add component (AddParameter): Name = "LatestRevisionNote"; Value = "Mech Layer 1 removed."; VariantName = "[No Variations]"
Add component (AddParameter): Name = "PackageDescription"; Value = "Transformer; 4 Leads"; VariantName = "[No Variations]"
Add component (AddParameter): Name = "PackageReference"; Value = "TRANS"; VariantName = "[No Variations]"
Add component (AddParameter): Name = "Published"; Value = "24-Mar-1999"; VariantName = "[No Variations]"
Add component (AddParameter): Name = "Publisher"; Value = "Altium Limited"; VariantName = "[No Variations]"
Added Component: Designator=U1(DIP-4)
Add component (AddParameter): Name = "DatasheetVersion"; Value = "Nov-2003"; VariantName = "[No Variations]"
Add component (AddParameter): Name = "LatestRevisionDate"; Value = "04-Mar-2005"; VariantName = "[No Variations]"
Add component (AddParameter): Name = "LatestRevisionNote"; Value = "Sch pins 3 & 4 Swapped."; VariantName = "[No Variations]"
Add component (AddParameter): Name = "PackageReference"; Value = "DIP-4"; VariantName = "[No Variations]"
Add component (AddParameter): Name = "Published"; Value = "24-Mar-1999"; VariantName = "[No Variations]"
Add component (AddParameter): Name = "Publisher"; Value = "Altium Limited"; VariantName = "[No Variations]"
Added Component: Designator=U2(DIP-4)
Add component (AddParameter): Name = "DatasheetVersion"; Value = "Nov-2003"; VariantName = "[No Variations]"
Add component (AddParameter): Name = "LatestRevisionDate"; Value = "04-Mar-2005"; VariantName = "[No Variations]"
Add component (AddParameter): Name = "LatestRevisionNote"; Value = "Sch pins 3 & 4 Swapped."; VariantName = "[No Variations]"
Add component (AddParameter): Name = "PackageReference"; Value = "DIP-4"; VariantName = "[No Variations]"
Add component (AddParameter): Name = "Published"; Value = "24-Mar-1999"; VariantName = "[No Variations]"
Add component (AddParameter): Name = "Publisher"; Value = "Altium Limited"; VariantName = "[No Variations]"
Added Component: Designator=VD1(zener dioide)
Added Component: Designator=VD2(zener dioide)
Added Component: Designator=VD3(zener dioide)
Added Component: Designator=VD4(zener dioide)
Added Component: Designator=VD5(zener dioide)
Added Component: Designator=VD6(zener dioide)
Added Component: Designator=VD7(zener dioide)
Added Component: Designator=VD8(zener dioide)
Added Component: Designator=VD9(zener dioide)
Added Component: Designator=VD10(zener dioide)
Added Component: Designator=VD11(zener dioide)
Added Component: Designator=VD12(zener dioide)
Added Component: Designator=VD13(zener dioide)
Added Component: Designator=VT1(TRANSISTOR)
Added Component: Designator=VT2(TRANSISTOR)
Added Component: Designator=VT3(TRANSISTOR)
Added Component: Designator=VT5(TRANSISTOR)
Added Component: Designator=W1(PIN1)
Add component (AddParameter): Name = "LatestRevisionDate"; Value = "17-Jul-2002"; VariantName = "[No Variations]"
Add component (AddParameter): Name = "LatestRevisionNote"; Value = "Re-released for DXP Platform."; VariantName = "[No Variations]"
Add component (AddParameter): Name = "PackageReference"; Value = "PIN1"; VariantName = "[No Variations]"
Add component (AddParameter): Name = "Published"; Value = "24-Mar-1999"; VariantName = "[No Variations]"
Add component (AddParameter): Name = "Publisher"; Value = "Altium Limited"; VariantName = "[No Variations]"
Added Pin To Net: NetName=GND Pin=C1-2
Added Pin To Net: NetName=GND Pin=C2-2
Added Pin To Net: NetName=GND Pin=C7-2
Added Pin To Net: NetName=GND Pin=C13-1
Added Pin To Net: NetName=GND Pin=D1-4
Added Pin To Net: NetName=GND Pin=DD2-2
Added Pin To Net: NetName=GND Pin=DD2-4
Added Pin To Net: NetName=GND Pin=DD2-7
Added Pin To Net: NetName=GND Pin=DD2-14
Added Pin To Net: NetName=GND Pin=DD2-15
Added Pin To Net: NetName=GND Pin=K2-1
Added Pin To Net: NetName=GND Pin=R1-2
Added Pin To Net: NetName=GND Pin=R7-1
Added Pin To Net: NetName=GND Pin=R11-1
Added Pin To Net: NetName=GND Pin=T1-2
Added Pin To Net: NetName=GND Pin=T1-4
Added Pin To Net: NetName=GND Pin=T4-3
Added Pin To Net: NetName=GND Pin=U2-2
Added Pin To Net: NetName=GND Pin=VD8-2
Added Pin To Net: NetName=GND Pin=VD9-1
Added Pin To Net: NetName=GND Pin=VT1-3
Added Net: Name=GND
Added Pin To Net: NetName=Net*1_5 Pin=C9-1
Added Pin To Net: NetName=Net*1_5 Pin=R11-2
Added Pin To Net: NetName=Net*1_5 Pin=VD6-1
Added Net: Name=Net*1_5
Added Net: Name=Net*1_6
Added Pin To Net: NetName=NetC1_1 Pin=C1-1
Added Pin To Net: NetName=NetC1_1 Pin=C4-2
Added Pin To Net: NetName=NetC1_1 Pin=K1-1
Added Pin To Net: NetName=NetC1_1 Pin=K1-3
Added Pin To Net: NetName=NetC1_1 Pin=K1-4
Added Pin To Net: NetName=NetC1_1 Pin=K2-3
Added Pin To Net: NetName=NetC1_1 Pin=R4-1
Added Pin To Net: NetName=NetC1_1 Pin=R4-2
Added Pin To Net: NetName=NetC1_1 Pin=VD1-2
Added Pin To Net: NetName=NetC1_1 Pin=VD2-2
Added Pin To Net: NetName=NetC1_1 Pin=VD3-1
Added Pin To Net: NetName=NetC1_1 Pin=VD3-2
Added Pin To Net: NetName=NetC1_1 Pin=VD5-1
Added Pin To Net: NetName=NetC1_1 Pin=VT1-1
Added Net: Name=NetC1_1
Added Pin To Net: NetName=NetC2_1 Pin=C2-1
Added Net: Name=NetC2_1
Added Pin To Net: NetName=NetC3_1 Pin=C3-1
Added Pin To Net: NetName=NetC3_1 Pin=DD2-5
Added Net: Name=NetC3_1
Added Pin To Net: NetName=NetC3_2 Pin=C3-2
Added Pin To Net: NetName=NetC3_2 Pin=DD2-1
Added Pin To Net: NetName=NetC3_2 Pin=DD2-8
Added Pin To Net: NetName=NetC3_2 Pin=DD2-11
Added Pin To Net: NetName=NetC3_2 Pin=DD2-12
Added Pin To Net: NetName=NetC3_2 Pin=DD2-16
Added Pin To Net: NetName=NetC3_2 Pin=R2-2
Added Pin To Net: NetName=NetC3_2 Pin=T1-3
Added Net: Name=NetC3_2
Added Pin To Net: NetName=NetC4_1 Pin=C4-1
Added Pin To Net: NetName=NetC4_1 Pin=R8-1
Added Pin To Net: NetName=NetC4_1 Pin=T2-4
Added Pin To Net: NetName=NetC4_1 Pin=U1-2
Added Net: Name=NetC4_1
Added Pin To Net: NetName=NetC5_1 Pin=C5-1
Added Pin To Net: NetName=NetC5_1 Pin=R5-1
Added Pin To Net: NetName=NetC5_1 Pin=VD4-2
Added Net: Name=NetC5_1
Added Pin To Net: NetName=NetC5_2 Pin=C5-2
Added Pin To Net: NetName=NetC5_2 Pin=C6-2
Added Pin To Net: NetName=NetC5_2 Pin=D1-1
Added Pin To Net: NetName=NetC5_2 Pin=R5-2
Added Pin To Net: NetName=NetC5_2 Pin=T2-1
Added Net: Name=NetC5_2
Added Pin To Net: NetName=NetC6_1 Pin=C6-1
Added Pin To Net: NetName=NetC6_1 Pin=C8-1
Added Pin To Net: NetName=NetC6_1 Pin=D1-3
Added Net: Name=NetC6_1
Added Pin To Net: NetName=NetC7_1 Pin=C7-1
Added Pin To Net: NetName=NetC7_1 Pin=D1-2
Added Pin To Net: NetName=NetC7_1 Pin=R7-2
Added Net: Name=NetC7_1
Added Pin To Net: NetName=NetC8_2 Pin=C8-2
Added Net: Name=NetC8_2
Added Pin To Net: NetName=NetC9_2 Pin=C9-2
Added Pin To Net: NetName=NetC9_2 Pin=C13-2
Added Net: Name=NetC9_2
Added Pin To Net: NetName=NetC10_1 Pin=C10-1
Added Pin To Net: NetName=NetC10_1 Pin=C11-1
Added Pin To Net: NetName=NetC10_1 Pin=D2-1
Added Pin To Net: NetName=NetC10_1 Pin=R13-1
Added Pin To Net: NetName=NetC10_1 Pin=U2-3
Added Pin To Net: NetName=NetC10_1 Pin=VD7-1
Added Pin To Net: NetName=NetC10_1 Pin=VT3-3
Added Pin To Net: NetName=NetC10_1 Pin=VT5-3
Added Net: Name=NetC10_1
Added Pin To Net: NetName=NetC10_2 Pin=C10-2
Added Pin To Net: NetName=NetC10_2 Pin=L1-2
Added Pin To Net: NetName=NetC10_2 Pin=R14-2
Added Net: Name=NetC10_2
Added Pin To Net: NetName=NetC11_2 Pin=C11-2
Added Pin To Net: NetName=NetC11_2 Pin=R12-1
Added Pin To Net: NetName=NetC11_2 Pin=VT2-3
Added Net: Name=NetC11_2
Added Pin To Net: NetName=NetC12_1 Pin=C12-1
Added Net: Name=NetC12_1
Added Pin To Net: NetName=NetC12_2 Pin=C12-2
Added Pin To Net: NetName=NetC12_2 Pin=R15-2
Added Pin To Net: NetName=NetC12_2 Pin=R16-2
Added Pin To Net: NetName=NetC12_2 Pin=R17-2
Added Pin To Net: NetName=NetC12_2 Pin=VD7-2
Added Pin To Net: NetName=NetC12_2 Pin=VT3-1
Added Net: Name=NetC12_2
Added Pin To Net: NetName=NetC14_1 Pin=C14-1
Added Pin To Net: NetName=NetC14_1 Pin=VD12-1
Added Net: Name=NetC14_1
Added Pin To Net: NetName=NetC14_2 Pin=C14-2
Added Pin To Net: NetName=NetC14_2 Pin=C15-1
Added Pin To Net: NetName=NetC14_2 Pin=R9-2
Added Pin To Net: NetName=NetC14_2 Pin=R10-2
Added Pin To Net: NetName=NetC14_2 Pin=R18-1
Added Pin To Net: NetName=NetC14_2 Pin=R19-1
Added Pin To Net: NetName=NetC14_2 Pin=R23-2
Added Pin To Net: NetName=NetC14_2 Pin=T4-1
Added Pin To Net: NetName=NetC14_2 Pin=VD11-2
Added Pin To Net: NetName=NetC14_2 Pin=VD13-1
Added Pin To Net: NetName=NetC14_2 Pin=VT2-1
Added Net: Name=NetC14_2
Added Pin To Net: NetName=NetC15_2 Pin=C15-2
Added Pin To Net: NetName=NetC15_2 Pin=R19-2
Added Pin To Net: NetName=NetC15_2 Pin=VD13-2
Added Net: Name=NetC15_2
Added Pin To Net: NetName=NetD2_2 Pin=D2-2
Added Pin To Net: NetName=NetD2_2 Pin=T4-4
Added Net: Name=NetD2_2
Added Pin To Net: NetName=NetD2_3 Pin=D2-3
Added Pin To Net: NetName=NetD2_3 Pin=L1-1
Added Net: Name=NetD2_3
Added Pin To Net: NetName=NetD2_4 Pin=D2-4
Added Pin To Net: NetName=NetD2_4 Pin=K2-2
Added Pin To Net: NetName=NetD2_4 Pin=VD10-1
Added Net: Name=NetD2_4
Added Pin To Net: NetName=NetDA2_1 Pin=T2-2
Added Pin To Net: NetName=NetDA2_1 Pin=VD4-1
Added Net: Name=NetDA2_1
Added Pin To Net: NetName=NetDA2_2 Pin=U1-4
Added Net: Name=NetDA2_2
Added Pin To Net: NetName=NetDD1_6 Pin=R1-1
Added Pin To Net: NetName=NetDD1_6 Pin=R3-1
Added Net: Name=NetDD1_6
Added Pin To Net: NetName=NetDD1_8 Pin=W1-1
Added Net: Name=NetDD1_8
Added Pin To Net: NetName=NetDD2_6 Pin=DD2-6
Added Pin To Net: NetName=NetDD2_6 Pin=R2-1
Added Net: Name=NetDD2_6
Added Pin To Net: NetName=NetDD2_13 Pin=DD2-13
Added Pin To Net: NetName=NetDD2_13 Pin=R25-2
Added Net: Name=NetDD2_13
Added Pin To Net: NetName=NetDD3_1 Pin=U2-4
Added Net: Name=NetDD3_1
Added Pin To Net: NetName=NetDD3_2 Pin=R22-1
Added Net: Name=NetDD3_2
Added Pin To Net: NetName=NetDD3_3 Pin=R27-1
Added Net: Name=NetDD3_3
Added Pin To Net: NetName=NetDD3_5 Pin=R24-1
Added Net: Name=NetDD3_5
Added Pin To Net: NetName=NetDD3_6 Pin=R26-1
Added Net: Name=NetDD3_6
Added Pin To Net: NetName=NetDD3_7 Pin=R28-2
Added Pin To Net: NetName=NetDD3_7 Pin=R28-3
Added Pin To Net: NetName=NetDD3_7 Pin=T4-2
Added Net: Name=NetDD3_7
Added Pin To Net: NetName=NetDD3_9 Pin=R9-1
Added Pin To Net: NetName=NetDD3_9 Pin=VT5-2
Added Net: Name=NetDD3_9
Added Pin To Net: NetName=NetDD3_10 Pin=R20-1
Added Net: Name=NetDD3_10
Added Pin To Net: NetName=NetDD3_11 Pin=R17-1
Added Net: Name=NetDD3_11
Added Pin To Net: NetName=NetDD3_12 Pin=R21-1
Added Net: Name=NetDD3_12
Added Pin To Net: NetName=NetDD3_15 Pin=R14-1
Added Net: Name=NetDD3_15
Added Pin To Net: NetName=NetK1_2 Pin=K1-2
Added Pin To Net: NetName=NetK1_2 Pin=T1-1
Added Net: Name=NetK1_2
Added Pin To Net: NetName=NetK2_4 Pin=K2-4
Added Pin To Net: NetName=NetK2_4 Pin=VD5-2
Added Net: Name=NetK2_4
Added Pin To Net: NetName=NetR3_2 Pin=R3-2
Added Pin To Net: NetName=NetR3_2 Pin=VT1-2
Added Net: Name=NetR3_2
Added Pin To Net: NetName=NetR6_1 Pin=R6-1
Added Pin To Net: NetName=NetR6_1 Pin=R8-2
Added Pin To Net: NetName=NetR6_1 Pin=U1-1
Added Net: Name=NetR6_1
Added Pin To Net: NetName=NetR6_2 Pin=R6-2
Added Pin To Net: NetName=NetR6_2 Pin=VD2-1
Added Net: Name=NetR6_2
Added Pin To Net: NetName=NetR10_1 Pin=R10-1
Added Pin To Net: NetName=NetR10_1 Pin=VT2-2
Added Pin To Net: NetName=NetR10_1 Pin=VT5-1
Added Net: Name=NetR10_1
Added Pin To Net: NetName=NetR12_2 Pin=R12-2
Added Pin To Net: NetName=NetR12_2 Pin=R13-2
Added Pin To Net: NetName=NetR12_2 Pin=VT3-2
Added Net: Name=NetR12_2
Added Pin To Net: NetName=NetR15_1 Pin=R15-1
Added Pin To Net: NetName=NetR15_1 Pin=R21-2
Added Net: Name=NetR15_1
Added Pin To Net: NetName=NetR16_1 Pin=R16-1
Added Pin To Net: NetName=NetR16_1 Pin=R20-2
Added Net: Name=NetR16_1
Added Pin To Net: NetName=NetR18_2 Pin=R18-2
Added Pin To Net: NetName=NetR18_2 Pin=R22-2
Added Pin To Net: NetName=NetR18_2 Pin=R24-2
Added Pin To Net: NetName=NetR18_2 Pin=R26-2
Added Pin To Net: NetName=NetR18_2 Pin=R27-2
Added Pin To Net: NetName=NetR18_2 Pin=VD9-2
Added Pin To Net: NetName=NetR18_2 Pin=VD10-2
Added Net: Name=NetR18_2
Added Pin To Net: NetName=NetR23_1 Pin=R23-1
Added Pin To Net: NetName=NetR23_1 Pin=R28-1
Added Net: Name=NetR23_1
Added Pin To Net: NetName=NetR25_1 Pin=R25-1
Added Pin To Net: NetName=NetR25_1 Pin=U2-1
Added Net: Name=NetR25_1
Added Pin To Net: NetName=NetT2_3 Pin=T2-3
Added Pin To Net: NetName=NetT2_3 Pin=VD1-1
Added Net: Name=NetT2_3
Added Pin To Net: NetName=NetT3_2 Pin=VD6-2
Added Pin To Net: NetName=NetT3_2 Pin=VD8-1
Added Net: Name=NetT3_2
Added Pin To Net: NetName=NetVD11_1 Pin=VD11-1
Added Pin To Net: NetName=NetVD11_1 Pin=VD12-2
Added Net: Name=NetVD11_1
Added Class: Name=My_Sheet (2)
Added Room: Name=My_Sheet (2)
